Flow report for cccv_controller_v4
Sat Dec 16 17:07:30 2023
Quartus Prime Version 18.0.0 Build 614 04/24/2018 SJ Lite Edition


---------------------
; Table of Contents ;
---------------------
  1. Legal Notice
  2. Flow Summary
  3. Flow Settings
  4. Flow Non-Default Global Settings
  5. Flow Elapsed Time
  6. Flow OS Summary
  7. Flow Log
  8. Flow Messages
  9. Flow Suppressed Messages



----------------
; Legal Notice ;
----------------
Copyright (C) 2018  Intel Corporation. All rights reserved.
Your use of Intel Corporation's design tools, logic functions 
and other software and tools, and its AMPP partner logic 
functions, and any output files from any of the foregoing 
(including device programming or simulation files), and any 
associated documentation or information are expressly subject 
to the terms and conditions of the Intel Program License 
Subscription Agreement, the Intel Quartus Prime License Agreement,
the Intel FPGA IP License Agreement, or other applicable license
agreement, including, without limitation, that your use is for
the sole purpose of programming logic devices manufactured by
Intel and sold by Intel or its authorized distributors.  Please
refer to the applicable agreement for further details.



+-------------------------------------------------------------------------------+
; Flow Summary                                                                  ;
+---------------------------------+---------------------------------------------+
; Flow Status                     ; Successful - Sat Dec 16 17:07:30 2023       ;
; Quartus Prime Version           ; 18.0.0 Build 614 04/24/2018 SJ Lite Edition ;
; Revision Name                   ; cccv_controller_v4                          ;
; Top-level Entity Name           ; cccv_controller_v4                          ;
; Family                          ; Cyclone V                                   ;
; Device                          ; 5CSXFC6D6F31C6                              ;
; Timing Models                   ; Final                                       ;
; Logic utilization (in ALMs)     ; 20,881 / 41,910 ( 50 % )                    ;
; Total registers                 ; 283                                         ;
; Total pins                      ; 65 / 499 ( 13 % )                           ;
; Total virtual pins              ; 0                                           ;
; Total block memory bits         ; 0 / 5,662,720 ( 0 % )                       ;
; Total DSP Blocks                ; 6 / 112 ( 5 % )                             ;
; Total HSSI RX PCSs              ; 0 / 9 ( 0 % )                               ;
; Total HSSI PMA RX Deserializers ; 0 / 9 ( 0 % )                               ;
; Total HSSI TX PCSs              ; 0 / 9 ( 0 % )                               ;
; Total HSSI PMA TX Serializers   ; 0 / 9 ( 0 % )                               ;
; Total PLLs                      ; 0 / 15 ( 0 % )                              ;
; Total DLLs                      ; 0 / 4 ( 0 % )                               ;
+---------------------------------+---------------------------------------------+


+-----------------------------------------+
; Flow Settings                           ;
+-------------------+---------------------+
; Option            ; Setting             ;
+-------------------+---------------------+
; Start date & time ; 12/16/2023 17:00:53 ;
; Main task         ; Compilation         ;
; Revision Name     ; cccv_controller_v4  ;
+-------------------+---------------------+


+--------------------------------------------------------------------------------------------------------------------------------------+
; Flow Non-Default Global Settings                                                                                                     ;
+-------------------------------------+----------------------------------------+---------------+-------------+-------------------------+
; Assignment Name                     ; Value                                  ; Default Value ; Entity Name ; Section Id              ;
+-------------------------------------+----------------------------------------+---------------+-------------+-------------------------+
; COMPILER_SIGNATURE_ID               ; 1095398776045.170272085321668          ; --            ; --          ; --                      ;
; EDA_BOARD_DESIGN_TIMING_TOOL        ; Stamp (Timing)                         ; <None>        ; --          ; --                      ;
; EDA_DESIGN_ENTRY_SYNTHESIS_TOOL     ; Synplify                               ; <None>        ; --          ; --                      ;
; EDA_INPUT_DATA_FORMAT               ; Vqm                                    ; --            ; --          ; eda_design_synthesis    ;
; EDA_LMF_FILE                        ; synplcty.lmf                           ; --            ; --          ; eda_design_synthesis    ;
; EDA_OUTPUT_DATA_FORMAT              ; Stamp                                  ; --            ; --          ; eda_board_design_timing ;
; EDA_OUTPUT_DATA_FORMAT              ; Vhdl                                   ; --            ; --          ; eda_simulation          ;
; EDA_SIMULATION_TOOL                 ; ModelSim-Altera (VHDL)                 ; <None>        ; --          ; --                      ;
; EDA_TIME_SCALE                      ; 1 ps                                   ; --            ; --          ; eda_simulation          ;
; PARTITION_COLOR                     ; -- (Not supported for targeted family) ; --            ; --          ; Top                     ;
; PARTITION_FITTER_PRESERVATION_LEVEL ; -- (Not supported for targeted family) ; --            ; --          ; Top                     ;
; PARTITION_NETLIST_TYPE              ; -- (Not supported for targeted family) ; --            ; --          ; Top                     ;
; PROJECT_OUTPUT_DIRECTORY            ; output_files                           ; --            ; --          ; --                      ;
+-------------------------------------+----------------------------------------+---------------+-------------+-------------------------+


+--------------------------------------------------------------------------------------------------------------------------+
; Flow Elapsed Time                                                                                                        ;
+----------------------+--------------+-------------------------+---------------------+------------------------------------+
; Module Name          ; Elapsed Time ; Average Processors Used ; Peak Virtual Memory ; Total CPU Time (on all processors) ;
+----------------------+--------------+-------------------------+---------------------+------------------------------------+
; Analysis & Synthesis ; 00:00:41     ; 1.0                     ; 5214 MB             ; 00:00:32                           ;
; Fitter               ; 00:04:59     ; 1.4                     ; 7534 MB             ; 00:06:33                           ;
; Assembler            ; 00:00:12     ; 1.0                     ; 5082 MB             ; 00:00:11                           ;
; Timing Analyzer      ; 00:00:26     ; 4.5                     ; 5596 MB             ; 00:01:12                           ;
; EDA Netlist Writer   ; 00:00:07     ; 1.0                     ; 5149 MB             ; 00:00:06                           ;
; Total                ; 00:06:25     ; --                      ; --                  ; 00:08:34                           ;
+----------------------+--------------+-------------------------+---------------------+------------------------------------+


+------------------------------------------------------------------------------------+
; Flow OS Summary                                                                    ;
+----------------------+------------------+------------+------------+----------------+
; Module Name          ; Machine Hostname ; OS Name    ; OS Version ; Processor type ;
+----------------------+------------------+------------+------------+----------------+
; Analysis & Synthesis ; Gerald           ; Windows 10 ; 10.0       ; x86_64         ;
; Fitter               ; Gerald           ; Windows 10 ; 10.0       ; x86_64         ;
; Assembler            ; Gerald           ; Windows 10 ; 10.0       ; x86_64         ;
; Timing Analyzer      ; Gerald           ; Windows 10 ; 10.0       ; x86_64         ;
; EDA Netlist Writer   ; Gerald           ; Windows 10 ; 10.0       ; x86_64         ;
+----------------------+------------------+------------+------------+----------------+


------------
; Flow Log ;
------------
quartus_map --read_settings_files=on --write_settings_files=off cccv_controller_v4 -c cccv_controller_v4
quartus_fit --read_settings_files=off --write_settings_files=off cccv_controller_v4 -c cccv_controller_v4
quartus_asm --read_settings_files=off --write_settings_files=off cccv_controller_v4 -c cccv_controller_v4
quartus_sta cccv_controller_v4 -c cccv_controller_v4
quartus_eda --read_settings_files=off --write_settings_files=off cccv_controller_v4 -c cccv_controller_v4



